[02-Mar-2022 18:16:27 UTC] PHP Warning:  require(/Users/paoloferrari/Local Sites/start2impactproject/app/public/wp-blog-header.php): failed to open stream: No such file or directory in /Users/paoloferrari/Local Sites/start2impactproject/app/public/index.php on line 17
[02-Mar-2022 18:16:27 UTC] PHP Stack trace:
[02-Mar-2022 18:16:27 UTC] PHP   1. {main}() /Users/paoloferrari/Local Sites/start2impactproject/app/public/index.php:0
[02-Mar-2022 18:16:27 UTC] PHP Fatal error:  require(): Failed opening required '/Users/paoloferrari/Local Sites/start2impactproject/app/public/wp-blog-header.php' (include_path='.:/usr/share/php:/www/wp-content/pear') in /Users/paoloferrari/Local Sites/start2impactproject/app/public/index.php on line 17
[02-Mar-2022 18:16:27 UTC] PHP Stack trace:
[02-Mar-2022 18:16:27 UTC] PHP   1. {main}() /Users/paoloferrari/Local Sites/start2impactproject/app/public/index.php:0
[02-Mar-2022 21:23:01 UTC] PHP Notice:  Undefined index: nome in /Users/paoloferrari/Local Sites/start2impactproject/app/public/php/insert.php on line 8
[02-Mar-2022 21:23:01 UTC] PHP Stack trace:
[02-Mar-2022 21:23:01 UTC] PHP   1. {main}() /Users/paoloferrari/Local Sites/start2impactproject/app/public/php/insert.php:0
[02-Mar-2022 21:23:01 UTC] PHP Notice:  Undefined index: co2 in /Users/paoloferrari/Local Sites/start2impactproject/app/public/php/insert.php on line 9
[02-Mar-2022 21:23:01 UTC] PHP Stack trace:
[02-Mar-2022 21:23:01 UTC] PHP   1. {main}() /Users/paoloferrari/Local Sites/start2impactproject/app/public/php/insert.php:0
[02-Mar-2022 21:23:11 UTC] PHP Notice:  Undefined index: nome in /Users/paoloferrari/Local Sites/start2impactproject/app/public/php/insert.php on line 8
[02-Mar-2022 21:23:11 UTC] PHP Stack trace:
[02-Mar-2022 21:23:11 UTC] PHP   1. {main}() /Users/paoloferrari/Local Sites/start2impactproject/app/public/php/insert.php:0
[02-Mar-2022 21:23:11 UTC] PHP Notice:  Undefined index: co2 in /Users/paoloferrari/Local Sites/start2impactproject/app/public/php/insert.php on line 9
[02-Mar-2022 21:23:11 UTC] PHP Stack trace:
[02-Mar-2022 21:23:11 UTC] PHP   1. {main}() /Users/paoloferrari/Local Sites/start2impactproject/app/public/php/insert.php:0
[03-Mar-2022 18:17:47 UTC] PHP Notice:  Undefined variable: co2 in /Users/paoloferrari/Local Sites/start2impactproject/app/public/php/update.php on line 7
[03-Mar-2022 18:17:47 UTC] PHP Stack trace:
[03-Mar-2022 18:17:47 UTC] PHP   1. {main}() /Users/paoloferrari/Local Sites/start2impactproject/app/public/php/update.php:0
[03-Mar-2022 18:18:35 UTC] PHP Notice:  Undefined index: co2 in /Users/paoloferrari/Local Sites/start2impactproject/app/public/php/update.php on line 6
[03-Mar-2022 18:18:35 UTC] PHP Stack trace:
[03-Mar-2022 18:18:35 UTC] PHP   1. {main}() /Users/paoloferrari/Local Sites/start2impactproject/app/public/php/update.php:0
[03-Mar-2022 18:18:39 UTC] PHP Notice:  Undefined index: id in /Users/paoloferrari/Local Sites/start2impactproject/app/public/php/update.php on line 5
[03-Mar-2022 18:18:39 UTC] PHP Stack trace:
[03-Mar-2022 18:18:39 UTC] PHP   1. {main}() /Users/paoloferrari/Local Sites/start2impactproject/app/public/php/update.php:0
[03-Mar-2022 18:20:26 UTC] PHP Notice:  Undefined index: id in /Users/paoloferrari/Local Sites/start2impactproject/app/public/php/update.php on line 5
[03-Mar-2022 18:20:26 UTC] PHP Stack trace:
[03-Mar-2022 18:20:26 UTC] PHP   1. {main}() /Users/paoloferrari/Local Sites/start2impactproject/app/public/php/update.php:0
[03-Mar-2022 18:20:26 UTC] PHP Notice:  Undefined index: co2 in /Users/paoloferrari/Local Sites/start2impactproject/app/public/php/update.php on line 6
[03-Mar-2022 18:20:26 UTC] PHP Stack trace:
[03-Mar-2022 18:20:26 UTC] PHP   1. {main}() /Users/paoloferrari/Local Sites/start2impactproject/app/public/php/update.php:0
[03-Mar-2022 18:20:31 UTC] PHP Notice:  Undefined index: id in /Users/paoloferrari/Local Sites/start2impactproject/app/public/php/update.php on line 5
[03-Mar-2022 18:20:31 UTC] PHP Stack trace:
[03-Mar-2022 18:20:31 UTC] PHP   1. {main}() /Users/paoloferrari/Local Sites/start2impactproject/app/public/php/update.php:0
[03-Mar-2022 18:24:02 UTC] PHP Notice:  Undefined index: co2 in /Users/paoloferrari/Local Sites/start2impactproject/app/public/php/update.php on line 6
[03-Mar-2022 18:24:02 UTC] PHP Stack trace:
[03-Mar-2022 18:24:02 UTC] PHP   1. {main}() /Users/paoloferrari/Local Sites/start2impactproject/app/public/php/update.php:0
[03-Mar-2022 18:24:06 UTC] PHP Notice:  Undefined index: id in /Users/paoloferrari/Local Sites/start2impactproject/app/public/php/update.php on line 5
[03-Mar-2022 18:24:06 UTC] PHP Stack trace:
[03-Mar-2022 18:24:06 UTC] PHP   1. {main}() /Users/paoloferrari/Local Sites/start2impactproject/app/public/php/update.php:0
[03-Mar-2022 18:28:45 UTC] PHP Notice:  Undefined index: id in /Users/paoloferrari/Local Sites/start2impactproject/app/public/php/update.php on line 5
[03-Mar-2022 18:28:45 UTC] PHP Stack trace:
[03-Mar-2022 18:28:45 UTC] PHP   1. {main}() /Users/paoloferrari/Local Sites/start2impactproject/app/public/php/update.php:0
[03-Mar-2022 18:28:45 UTC] PHP Notice:  Undefined index: nome in /Users/paoloferrari/Local Sites/start2impactproject/app/public/php/update.php on line 6
[03-Mar-2022 18:28:45 UTC] PHP Stack trace:
[03-Mar-2022 18:28:45 UTC] PHP   1. {main}() /Users/paoloferrari/Local Sites/start2impactproject/app/public/php/update.php:0
[03-Mar-2022 18:30:58 UTC] PHP Notice:  Undefined index: id in /Users/paoloferrari/Local Sites/start2impactproject/app/public/php/update.php on line 5
[03-Mar-2022 18:30:58 UTC] PHP Stack trace:
[03-Mar-2022 18:30:58 UTC] PHP   1. {main}() /Users/paoloferrari/Local Sites/start2impactproject/app/public/php/update.php:0
[03-Mar-2022 18:31:43 UTC] PHP Notice:  Undefined variable: id in /Users/paoloferrari/Local Sites/start2impactproject/app/public/php/update.php on line 7
[03-Mar-2022 18:31:43 UTC] PHP Stack trace:
[03-Mar-2022 18:31:43 UTC] PHP   1. {main}() /Users/paoloferrari/Local Sites/start2impactproject/app/public/php/update.php:0
[03-Mar-2022 18:33:52 UTC] PHP Notice:  Undefined variable: id in /Users/paoloferrari/Local Sites/start2impactproject/app/public/php/update.php on line 7
[03-Mar-2022 18:33:52 UTC] PHP Stack trace:
[03-Mar-2022 18:33:52 UTC] PHP   1. {main}() /Users/paoloferrari/Local Sites/start2impactproject/app/public/php/update.php:0
[03-Mar-2022 18:34:43 UTC] PHP Notice:  Undefined index: id in /Users/paoloferrari/Local Sites/start2impactproject/app/public/php/update.php on line 5
[03-Mar-2022 18:34:43 UTC] PHP Stack trace:
[03-Mar-2022 18:34:43 UTC] PHP   1. {main}() /Users/paoloferrari/Local Sites/start2impactproject/app/public/php/update.php:0
[03-Mar-2022 18:34:46 UTC] PHP Notice:  Undefined index: id in /Users/paoloferrari/Local Sites/start2impactproject/app/public/php/update.php on line 5
[03-Mar-2022 18:34:46 UTC] PHP Stack trace:
[03-Mar-2022 18:34:46 UTC] PHP   1. {main}() /Users/paoloferrari/Local Sites/start2impactproject/app/public/php/update.php:0
[03-Mar-2022 18:34:46 UTC] PHP Notice:  Undefined index: co2 in /Users/paoloferrari/Local Sites/start2impactproject/app/public/php/update.php on line 6
[03-Mar-2022 18:34:46 UTC] PHP Stack trace:
[03-Mar-2022 18:34:46 UTC] PHP   1. {main}() /Users/paoloferrari/Local Sites/start2impactproject/app/public/php/update.php:0
[03-Mar-2022 18:36:00 UTC] PHP Notice:  Undefined index: id in /Users/paoloferrari/Local Sites/start2impactproject/app/public/php/update.php on line 5
[03-Mar-2022 18:36:00 UTC] PHP Stack trace:
[03-Mar-2022 18:36:00 UTC] PHP   1. {main}() /Users/paoloferrari/Local Sites/start2impactproject/app/public/php/update.php:0
[03-Mar-2022 18:39:05 UTC] PHP Notice:  Undefined index: co2 in /Users/paoloferrari/Local Sites/start2impactproject/app/public/php/update.php on line 6
[03-Mar-2022 18:39:05 UTC] PHP Stack trace:
[03-Mar-2022 18:39:05 UTC] PHP   1. {main}() /Users/paoloferrari/Local Sites/start2impactproject/app/public/php/update.php:0
[03-Mar-2022 18:39:08 UTC] PHP Notice:  Undefined index: id in /Users/paoloferrari/Local Sites/start2impactproject/app/public/php/update.php on line 5
[03-Mar-2022 18:39:08 UTC] PHP Stack trace:
[03-Mar-2022 18:39:08 UTC] PHP   1. {main}() /Users/paoloferrari/Local Sites/start2impactproject/app/public/php/update.php:0
[03-Mar-2022 18:40:07 UTC] PHP Notice:  Undefined index: co2 in /Users/paoloferrari/Local Sites/start2impactproject/app/public/php/update.php on line 6
[03-Mar-2022 18:40:07 UTC] PHP Stack trace:
[03-Mar-2022 18:40:07 UTC] PHP   1. {main}() /Users/paoloferrari/Local Sites/start2impactproject/app/public/php/update.php:0
[03-Mar-2022 18:40:11 UTC] PHP Notice:  Undefined index: id in /Users/paoloferrari/Local Sites/start2impactproject/app/public/php/update.php on line 5
[03-Mar-2022 18:40:11 UTC] PHP Stack trace:
[03-Mar-2022 18:40:11 UTC] PHP   1. {main}() /Users/paoloferrari/Local Sites/start2impactproject/app/public/php/update.php:0
[03-Mar-2022 18:41:08 UTC] PHP Notice:  Undefined index: id in /Users/paoloferrari/Local Sites/start2impactproject/app/public/php/update.php on line 5
[03-Mar-2022 18:41:08 UTC] PHP Stack trace:
[03-Mar-2022 18:41:08 UTC] PHP   1. {main}() /Users/paoloferrari/Local Sites/start2impactproject/app/public/php/update.php:0
[07-Mar-2022 17:35:38 UTC] PHP Notice:  Undefined index: co2 in /Users/paoloferrari/Local Sites/start2impactproject/app/public/php/update.php on line 6
[07-Mar-2022 17:35:38 UTC] PHP Stack trace:
[07-Mar-2022 17:35:38 UTC] PHP   1. {main}() /Users/paoloferrari/Local Sites/start2impactproject/app/public/php/update.php:0
[07-Mar-2022 17:35:42 UTC] PHP Notice:  Undefined index: id in /Users/paoloferrari/Local Sites/start2impactproject/app/public/php/update.php on line 5
[07-Mar-2022 17:35:42 UTC] PHP Stack trace:
[07-Mar-2022 17:35:42 UTC] PHP   1. {main}() /Users/paoloferrari/Local Sites/start2impactproject/app/public/php/update.php:0
[07-Mar-2022 17:38:56 UTC] PHP Notice:  Undefined index: id in /Users/paoloferrari/Local Sites/start2impactproject/app/public/php/update.php on line 5
[07-Mar-2022 17:38:56 UTC] PHP Stack trace:
[07-Mar-2022 17:38:56 UTC] PHP   1. {main}() /Users/paoloferrari/Local Sites/start2impactproject/app/public/php/update.php:0
[07-Mar-2022 17:38:56 UTC] PHP Notice:  Undefined variable: nome in /Users/paoloferrari/Local Sites/start2impactproject/app/public/php/update.php on line 8
[07-Mar-2022 17:38:56 UTC] PHP Stack trace:
[07-Mar-2022 17:38:56 UTC] PHP   1. {main}() /Users/paoloferrari/Local Sites/start2impactproject/app/public/php/update.php:0
[07-Mar-2022 17:40:46 UTC] PHP Notice:  Undefined index: id in /Users/paoloferrari/Local Sites/start2impactproject/app/public/php/update.php on line 6
[07-Mar-2022 17:40:46 UTC] PHP Stack trace:
[07-Mar-2022 17:40:46 UTC] PHP   1. {main}() /Users/paoloferrari/Local Sites/start2impactproject/app/public/php/update.php:0
[07-Mar-2022 17:40:46 UTC] PHP Notice:  Undefined variable: nome in /Users/paoloferrari/Local Sites/start2impactproject/app/public/php/update.php on line 10
[07-Mar-2022 17:40:46 UTC] PHP Stack trace:
[07-Mar-2022 17:40:46 UTC] PHP   1. {main}() /Users/paoloferrari/Local Sites/start2impactproject/app/public/php/update.php:0
[07-Mar-2022 17:41:11 UTC] PHP Notice:  Undefined index: id in /Users/paoloferrari/Local Sites/start2impactproject/app/public/php/update.php on line 5
[07-Mar-2022 17:41:11 UTC] PHP Stack trace:
[07-Mar-2022 17:41:11 UTC] PHP   1. {main}() /Users/paoloferrari/Local Sites/start2impactproject/app/public/php/update.php:0
[07-Mar-2022 17:41:11 UTC] PHP Notice:  Undefined index: co2 in /Users/paoloferrari/Local Sites/start2impactproject/app/public/php/update.php on line 6
[07-Mar-2022 17:41:11 UTC] PHP Stack trace:
[07-Mar-2022 17:41:11 UTC] PHP   1. {main}() /Users/paoloferrari/Local Sites/start2impactproject/app/public/php/update.php:0
[07-Mar-2022 17:41:14 UTC] PHP Notice:  Undefined index: id in /Users/paoloferrari/Local Sites/start2impactproject/app/public/php/update.php on line 5
[07-Mar-2022 17:41:14 UTC] PHP Stack trace:
[07-Mar-2022 17:41:14 UTC] PHP   1. {main}() /Users/paoloferrari/Local Sites/start2impactproject/app/public/php/update.php:0
[07-Mar-2022 17:44:18 UTC] PHP Notice:  Undefined variable: id in /Users/paoloferrari/Local Sites/start2impactproject/app/public/php/update.php on line 7
[07-Mar-2022 17:44:18 UTC] PHP Stack trace:
[07-Mar-2022 17:44:18 UTC] PHP   1. {main}() /Users/paoloferrari/Local Sites/start2impactproject/app/public/php/update.php:0
[07-Mar-2022 17:44:53 UTC] PHP Notice:  Undefined index: id in /Users/paoloferrari/Local Sites/start2impactproject/app/public/php/update.php on line 5
[07-Mar-2022 17:44:53 UTC] PHP Stack trace:
[07-Mar-2022 17:44:53 UTC] PHP   1. {main}() /Users/paoloferrari/Local Sites/start2impactproject/app/public/php/update.php:0
[07-Mar-2022 17:45:20 UTC] PHP Notice:  Undefined index: co2 in /Users/paoloferrari/Local Sites/start2impactproject/app/public/php/update.php on line 6
[07-Mar-2022 17:45:20 UTC] PHP Stack trace:
[07-Mar-2022 17:45:20 UTC] PHP   1. {main}() /Users/paoloferrari/Local Sites/start2impactproject/app/public/php/update.php:0
[07-Mar-2022 17:45:25 UTC] PHP Notice:  Undefined index: id in /Users/paoloferrari/Local Sites/start2impactproject/app/public/php/update.php on line 5
[07-Mar-2022 17:45:25 UTC] PHP Stack trace:
[07-Mar-2022 17:45:25 UTC] PHP   1. {main}() /Users/paoloferrari/Local Sites/start2impactproject/app/public/php/update.php:0
[07-Mar-2022 17:46:11 UTC] PHP Notice:  Undefined index: co2 in /Users/paoloferrari/Local Sites/start2impactproject/app/public/php/update.php on line 6
[07-Mar-2022 17:46:11 UTC] PHP Stack trace:
[07-Mar-2022 17:46:11 UTC] PHP   1. {main}() /Users/paoloferrari/Local Sites/start2impactproject/app/public/php/update.php:0
[07-Mar-2022 17:46:13 UTC] PHP Notice:  Undefined index: id in /Users/paoloferrari/Local Sites/start2impactproject/app/public/php/update.php on line 5
[07-Mar-2022 17:46:13 UTC] PHP Stack trace:
[07-Mar-2022 17:46:13 UTC] PHP   1. {main}() /Users/paoloferrari/Local Sites/start2impactproject/app/public/php/update.php:0
[07-Mar-2022 17:47:22 UTC] PHP Notice:  Undefined index: id in /Users/paoloferrari/Local Sites/start2impactproject/app/public/php/update.php on line 5
[07-Mar-2022 17:47:22 UTC] PHP Stack trace:
[07-Mar-2022 17:47:22 UTC] PHP   1. {main}() /Users/paoloferrari/Local Sites/start2impactproject/app/public/php/update.php:0
[07-Mar-2022 17:47:22 UTC] PHP Notice:  Undefined index: co2 in /Users/paoloferrari/Local Sites/start2impactproject/app/public/php/update.php on line 6
[07-Mar-2022 17:47:22 UTC] PHP Stack trace:
[07-Mar-2022 17:47:22 UTC] PHP   1. {main}() /Users/paoloferrari/Local Sites/start2impactproject/app/public/php/update.php:0
[07-Mar-2022 17:47:35 UTC] PHP Notice:  Undefined index: id in /Users/paoloferrari/Local Sites/start2impactproject/app/public/php/update.php on line 5
[07-Mar-2022 17:47:35 UTC] PHP Stack trace:
[07-Mar-2022 17:47:35 UTC] PHP   1. {main}() /Users/paoloferrari/Local Sites/start2impactproject/app/public/php/update.php:0
[07-Mar-2022 17:48:18 UTC] PHP Notice:  Undefined index: id in /Users/paoloferrari/Local Sites/start2impactproject/app/public/php/update.php on line 5
[07-Mar-2022 17:48:18 UTC] PHP Stack trace:
[07-Mar-2022 17:48:18 UTC] PHP   1. {main}() /Users/paoloferrari/Local Sites/start2impactproject/app/public/php/update.php:0
[07-Mar-2022 17:52:53 UTC] PHP Notice:  Undefined index: id in /Users/paoloferrari/Local Sites/start2impactproject/app/public/php/update.php on line 5
[07-Mar-2022 17:52:53 UTC] PHP Stack trace:
[07-Mar-2022 17:52:53 UTC] PHP   1. {main}() /Users/paoloferrari/Local Sites/start2impactproject/app/public/php/update.php:0
[07-Mar-2022 18:30:17 UTC] PHP Notice:  Undefined variable: co2 in /Users/paoloferrari/Local Sites/start2impactproject/app/public/php/update.php on line 7
[07-Mar-2022 18:30:17 UTC] PHP Stack trace:
[07-Mar-2022 18:30:17 UTC] PHP   1. {main}() /Users/paoloferrari/Local Sites/start2impactproject/app/public/php/update.php:0
[07-Mar-2022 18:30:22 UTC] PHP Notice:  Undefined index: id in /Users/paoloferrari/Local Sites/start2impactproject/app/public/php/update.php on line 5
[07-Mar-2022 18:30:22 UTC] PHP Stack trace:
[07-Mar-2022 18:30:22 UTC] PHP   1. {main}() /Users/paoloferrari/Local Sites/start2impactproject/app/public/php/update.php:0
[07-Mar-2022 18:30:22 UTC] PHP Notice:  Undefined variable: co2 in /Users/paoloferrari/Local Sites/start2impactproject/app/public/php/update.php on line 7
[07-Mar-2022 18:30:22 UTC] PHP Stack trace:
[07-Mar-2022 18:30:22 UTC] PHP   1. {main}() /Users/paoloferrari/Local Sites/start2impactproject/app/public/php/update.php:0
[07-Mar-2022 18:30:22 UTC] PHP Notice:  Undefined index: id in /Users/paoloferrari/Local Sites/start2impactproject/app/public/php/update.php on line 7
[07-Mar-2022 18:30:22 UTC] PHP Stack trace:
[07-Mar-2022 18:30:22 UTC] PHP   1. {main}() /Users/paoloferrari/Local Sites/start2impactproject/app/public/php/update.php:0
[07-Mar-2022 18:31:43 UTC] PHP Notice:  Undefined index: id in /Users/paoloferrari/Local Sites/start2impactproject/app/public/php/update.php on line 5
[07-Mar-2022 18:31:43 UTC] PHP Stack trace:
[07-Mar-2022 18:31:43 UTC] PHP   1. {main}() /Users/paoloferrari/Local Sites/start2impactproject/app/public/php/update.php:0
[07-Mar-2022 18:31:43 UTC] PHP Notice:  Undefined variable: co2 in /Users/paoloferrari/Local Sites/start2impactproject/app/public/php/update.php on line 7
[07-Mar-2022 18:31:43 UTC] PHP Stack trace:
[07-Mar-2022 18:31:43 UTC] PHP   1. {main}() /Users/paoloferrari/Local Sites/start2impactproject/app/public/php/update.php:0
[07-Mar-2022 18:31:47 UTC] PHP Notice:  Undefined index: id in /Users/paoloferrari/Local Sites/start2impactproject/app/public/php/update.php on line 5
[07-Mar-2022 18:31:47 UTC] PHP Stack trace:
[07-Mar-2022 18:31:47 UTC] PHP   1. {main}() /Users/paoloferrari/Local Sites/start2impactproject/app/public/php/update.php:0
[07-Mar-2022 18:31:47 UTC] PHP Notice:  Undefined variable: co2 in /Users/paoloferrari/Local Sites/start2impactproject/app/public/php/update.php on line 7
[07-Mar-2022 18:31:47 UTC] PHP Stack trace:
[07-Mar-2022 18:31:47 UTC] PHP   1. {main}() /Users/paoloferrari/Local Sites/start2impactproject/app/public/php/update.php:0
[07-Mar-2022 18:31:55 UTC] PHP Notice:  Undefined variable: co2 in /Users/paoloferrari/Local Sites/start2impactproject/app/public/php/update.php on line 7
[07-Mar-2022 18:31:55 UTC] PHP Stack trace:
[07-Mar-2022 18:31:55 UTC] PHP   1. {main}() /Users/paoloferrari/Local Sites/start2impactproject/app/public/php/update.php:0
[07-Mar-2022 18:32:00 UTC] PHP Notice:  Undefined index: id in /Users/paoloferrari/Local Sites/start2impactproject/app/public/php/update.php on line 5
[07-Mar-2022 18:32:00 UTC] PHP Stack trace:
[07-Mar-2022 18:32:00 UTC] PHP   1. {main}() /Users/paoloferrari/Local Sites/start2impactproject/app/public/php/update.php:0
[07-Mar-2022 18:32:00 UTC] PHP Notice:  Undefined variable: co2 in /Users/paoloferrari/Local Sites/start2impactproject/app/public/php/update.php on line 7
[07-Mar-2022 18:32:00 UTC] PHP Stack trace:
[07-Mar-2022 18:32:00 UTC] PHP   1. {main}() /Users/paoloferrari/Local Sites/start2impactproject/app/public/php/update.php:0
[07-Mar-2022 18:32:30 UTC] PHP Notice:  Undefined index: id in /Users/paoloferrari/Local Sites/start2impactproject/app/public/php/update.php on line 5
[07-Mar-2022 18:32:30 UTC] PHP Stack trace:
[07-Mar-2022 18:32:30 UTC] PHP   1. {main}() /Users/paoloferrari/Local Sites/start2impactproject/app/public/php/update.php:0
[07-Mar-2022 18:32:30 UTC] PHP Notice:  Undefined index: co2 in /Users/paoloferrari/Local Sites/start2impactproject/app/public/php/update.php on line 6
[07-Mar-2022 18:32:30 UTC] PHP Stack trace:
[07-Mar-2022 18:32:30 UTC] PHP   1. {main}() /Users/paoloferrari/Local Sites/start2impactproject/app/public/php/update.php:0
[07-Mar-2022 18:32:34 UTC] PHP Notice:  Undefined index: id in /Users/paoloferrari/Local Sites/start2impactproject/app/public/php/update.php on line 5
[07-Mar-2022 18:32:34 UTC] PHP Stack trace:
[07-Mar-2022 18:32:34 UTC] PHP   1. {main}() /Users/paoloferrari/Local Sites/start2impactproject/app/public/php/update.php:0
[07-Mar-2022 18:34:38 UTC] PHP Notice:  Undefined index: id in /Users/paoloferrari/Local Sites/start2impactproject/app/public/php/update.php on line 5
[07-Mar-2022 18:34:38 UTC] PHP Stack trace:
[07-Mar-2022 18:34:38 UTC] PHP   1. {main}() /Users/paoloferrari/Local Sites/start2impactproject/app/public/php/update.php:0
